
code.elf:     file format elf32-avr


Disassembly of section .text:

00000000 <__vectors>:
   0:	0c 94 34 00 	jmp	0x68	; 0x68 <__ctors_end>
   4:	0c 94 48 00 	jmp	0x90	; 0x90 <__vector_1>
   8:	0c 94 46 00 	jmp	0x8c	; 0x8c <__bad_interrupt>
   c:	0c 94 46 00 	jmp	0x8c	; 0x8c <__bad_interrupt>
  10:	0c 94 46 00 	jmp	0x8c	; 0x8c <__bad_interrupt>
  14:	0c 94 46 00 	jmp	0x8c	; 0x8c <__bad_interrupt>
  18:	0c 94 46 00 	jmp	0x8c	; 0x8c <__bad_interrupt>
  1c:	0c 94 46 00 	jmp	0x8c	; 0x8c <__bad_interrupt>
  20:	0c 94 46 00 	jmp	0x8c	; 0x8c <__bad_interrupt>
  24:	0c 94 46 00 	jmp	0x8c	; 0x8c <__bad_interrupt>
  28:	0c 94 46 00 	jmp	0x8c	; 0x8c <__bad_interrupt>
  2c:	0c 94 46 00 	jmp	0x8c	; 0x8c <__bad_interrupt>
  30:	0c 94 46 00 	jmp	0x8c	; 0x8c <__bad_interrupt>
  34:	0c 94 46 00 	jmp	0x8c	; 0x8c <__bad_interrupt>
  38:	0c 94 46 00 	jmp	0x8c	; 0x8c <__bad_interrupt>
  3c:	0c 94 46 00 	jmp	0x8c	; 0x8c <__bad_interrupt>
  40:	0c 94 46 00 	jmp	0x8c	; 0x8c <__bad_interrupt>
  44:	0c 94 46 00 	jmp	0x8c	; 0x8c <__bad_interrupt>
  48:	0c 94 46 00 	jmp	0x8c	; 0x8c <__bad_interrupt>
  4c:	0c 94 46 00 	jmp	0x8c	; 0x8c <__bad_interrupt>
  50:	0c 94 46 00 	jmp	0x8c	; 0x8c <__bad_interrupt>
  54:	0c 94 46 00 	jmp	0x8c	; 0x8c <__bad_interrupt>
  58:	0c 94 46 00 	jmp	0x8c	; 0x8c <__bad_interrupt>
  5c:	0c 94 46 00 	jmp	0x8c	; 0x8c <__bad_interrupt>
  60:	0c 94 46 00 	jmp	0x8c	; 0x8c <__bad_interrupt>
  64:	0c 94 46 00 	jmp	0x8c	; 0x8c <__bad_interrupt>

00000068 <__ctors_end>:
  68:	11 24       	eor	r1, r1
  6a:	1f be       	out	0x3f, r1	; 63
  6c:	cf ef       	ldi	r28, 0xFF	; 255
  6e:	d8 e0       	ldi	r29, 0x08	; 8
  70:	de bf       	out	0x3e, r29	; 62
  72:	cd bf       	out	0x3d, r28	; 61

00000074 <__do_clear_bss>:
  74:	21 e0       	ldi	r18, 0x01	; 1
  76:	a0 e0       	ldi	r26, 0x00	; 0
  78:	b1 e0       	ldi	r27, 0x01	; 1
  7a:	01 c0       	rjmp	.+2      	; 0x7e <.do_clear_bss_start>

0000007c <.do_clear_bss_loop>:
  7c:	1d 92       	st	X+, r1

0000007e <.do_clear_bss_start>:
  7e:	a4 30       	cpi	r26, 0x04	; 4
  80:	b2 07       	cpc	r27, r18
  82:	e1 f7       	brne	.-8      	; 0x7c <.do_clear_bss_loop>
  84:	0e 94 a1 00 	call	0x142	; 0x142 <main>
  88:	0c 94 1b 03 	jmp	0x636	; 0x636 <_exit>

0000008c <__bad_interrupt>:
  8c:	0c 94 00 00 	jmp	0	; 0x0 <__vectors>

00000090 <__vector_1>:
  90:	1f 92       	push	r1
  92:	0f 92       	push	r0
  94:	0f b6       	in	r0, 0x3f	; 63
  96:	0f 92       	push	r0
  98:	11 24       	eor	r1, r1
  9a:	2f 93       	push	r18
  9c:	8f 93       	push	r24
  9e:	9f 93       	push	r25
  a0:	80 91 00 01 	lds	r24, 0x0100	; 0x800100 <__DATA_REGION_ORIGIN__>
  a4:	90 91 01 01 	lds	r25, 0x0101	; 0x800101 <__DATA_REGION_ORIGIN__+0x1>
  a8:	01 96       	adiw	r24, 0x01	; 1
  aa:	86 30       	cpi	r24, 0x06	; 6
  ac:	91 05       	cpc	r25, r1
  ae:	11 f4       	brne	.+4      	; 0xb4 <__vector_1+0x24>
  b0:	81 e0       	ldi	r24, 0x01	; 1
  b2:	90 e0       	ldi	r25, 0x00	; 0
  b4:	90 93 01 01 	sts	0x0101, r25	; 0x800101 <__DATA_REGION_ORIGIN__+0x1>
  b8:	80 93 00 01 	sts	0x0100, r24	; 0x800100 <__DATA_REGION_ORIGIN__>
  bc:	2f ef       	ldi	r18, 0xFF	; 255
  be:	89 e6       	ldi	r24, 0x69	; 105
  c0:	98 e1       	ldi	r25, 0x18	; 24
  c2:	21 50       	subi	r18, 0x01	; 1
  c4:	80 40       	sbci	r24, 0x00	; 0
  c6:	90 40       	sbci	r25, 0x00	; 0
  c8:	e1 f7       	brne	.-8      	; 0xc2 <__vector_1+0x32>
  ca:	00 c0       	rjmp	.+0      	; 0xcc <__vector_1+0x3c>
  cc:	00 00       	nop
  ce:	4a 99       	sbic	0x09, 2	; 9
  d0:	09 c0       	rjmp	.+18     	; 0xe4 <__vector_1+0x54>
  d2:	2f ef       	ldi	r18, 0xFF	; 255
  d4:	81 e1       	ldi	r24, 0x11	; 17
  d6:	9a e7       	ldi	r25, 0x7A	; 122
  d8:	21 50       	subi	r18, 0x01	; 1
  da:	80 40       	sbci	r24, 0x00	; 0
  dc:	90 40       	sbci	r25, 0x00	; 0
  de:	e1 f7       	brne	.-8      	; 0xd8 <__vector_1+0x48>
  e0:	00 c0       	rjmp	.+0      	; 0xe2 <__vector_1+0x52>
  e2:	00 00       	nop
  e4:	4a 99       	sbic	0x09, 2	; 9
  e6:	25 c0       	rjmp	.+74     	; 0x132 <__vector_1+0xa2>
  e8:	80 91 02 01 	lds	r24, 0x0102	; 0x800102 <modoEscolha>
  ec:	90 91 03 01 	lds	r25, 0x0103	; 0x800103 <modoEscolha+0x1>
  f0:	89 2b       	or	r24, r25
  f2:	59 f4       	brne	.+22     	; 0x10a <__vector_1+0x7a>
  f4:	81 e0       	ldi	r24, 0x01	; 1
  f6:	90 e0       	ldi	r25, 0x00	; 0
  f8:	90 93 01 01 	sts	0x0101, r25	; 0x800101 <__DATA_REGION_ORIGIN__+0x1>
  fc:	80 93 00 01 	sts	0x0100, r24	; 0x800100 <__DATA_REGION_ORIGIN__>
 100:	90 93 03 01 	sts	0x0103, r25	; 0x800103 <modoEscolha+0x1>
 104:	80 93 02 01 	sts	0x0102, r24	; 0x800102 <modoEscolha>
 108:	14 c0       	rjmp	.+40     	; 0x132 <__vector_1+0xa2>
 10a:	80 91 00 01 	lds	r24, 0x0100	; 0x800100 <__DATA_REGION_ORIGIN__>
 10e:	90 91 01 01 	lds	r25, 0x0101	; 0x800101 <__DATA_REGION_ORIGIN__+0x1>
 112:	81 30       	cpi	r24, 0x01	; 1
 114:	91 05       	cpc	r25, r1
 116:	19 f4       	brne	.+6      	; 0x11e <__vector_1+0x8e>
 118:	85 e0       	ldi	r24, 0x05	; 5
 11a:	90 e0       	ldi	r25, 0x00	; 0
 11c:	01 c0       	rjmp	.+2      	; 0x120 <__vector_1+0x90>
 11e:	01 97       	sbiw	r24, 0x01	; 1
 120:	90 93 01 01 	sts	0x0101, r25	; 0x800101 <__DATA_REGION_ORIGIN__+0x1>
 124:	80 93 00 01 	sts	0x0100, r24	; 0x800100 <__DATA_REGION_ORIGIN__>
 128:	15 b8       	out	0x05, r1	; 5
 12a:	10 92 03 01 	sts	0x0103, r1	; 0x800103 <modoEscolha+0x1>
 12e:	10 92 02 01 	sts	0x0102, r1	; 0x800102 <modoEscolha>
 132:	9f 91       	pop	r25
 134:	8f 91       	pop	r24
 136:	2f 91       	pop	r18
 138:	0f 90       	pop	r0
 13a:	0f be       	out	0x3f, r0	; 63
 13c:	0f 90       	pop	r0
 13e:	1f 90       	pop	r1
 140:	18 95       	reti

00000142 <main>:
 142:	1a b8       	out	0x0a, r1	; 10
 144:	8f ef       	ldi	r24, 0xFF	; 255
 146:	8b b9       	out	0x0b, r24	; 11
 148:	84 b1       	in	r24, 0x04	; 4
 14a:	8e 63       	ori	r24, 0x3E	; 62
 14c:	84 b9       	out	0x04, r24	; 4
 14e:	81 e0       	ldi	r24, 0x01	; 1
 150:	90 e0       	ldi	r25, 0x00	; 0
 152:	90 93 01 01 	sts	0x0101, r25	; 0x800101 <__DATA_REGION_ORIGIN__+0x1>
 156:	80 93 00 01 	sts	0x0100, r24	; 0x800100 <__DATA_REGION_ORIGIN__>
 15a:	10 92 03 01 	sts	0x0103, r1	; 0x800103 <modoEscolha+0x1>
 15e:	10 92 02 01 	sts	0x0102, r1	; 0x800102 <modoEscolha>
 162:	82 e0       	ldi	r24, 0x02	; 2
 164:	80 93 69 00 	sts	0x0069, r24	; 0x800069 <__TEXT_REGION_LENGTH__+0x7f8069>
 168:	81 e0       	ldi	r24, 0x01	; 1
 16a:	8d bb       	out	0x1d, r24	; 29
 16c:	78 94       	sei
 16e:	5f ef       	ldi	r21, 0xFF	; 255
 170:	62 e0       	ldi	r22, 0x02	; 2
 172:	74 e0       	ldi	r23, 0x04	; 4
 174:	e8 e0       	ldi	r30, 0x08	; 8
 176:	f0 e1       	ldi	r31, 0x10	; 16
 178:	a0 e2       	ldi	r26, 0x20	; 32
 17a:	b1 e0       	ldi	r27, 0x01	; 1
 17c:	c0 e8       	ldi	r28, 0x80	; 128
 17e:	80 91 00 01 	lds	r24, 0x0100	; 0x800100 <__DATA_REGION_ORIGIN__>
 182:	90 91 01 01 	lds	r25, 0x0101	; 0x800101 <__DATA_REGION_ORIGIN__+0x1>
 186:	01 97       	sbiw	r24, 0x01	; 1
 188:	09 f0       	breq	.+2      	; 0x18c <main+0x4a>
 18a:	d7 c0       	rjmp	.+430    	; 0x33a <main+0x1f8>
 18c:	80 91 02 01 	lds	r24, 0x0102	; 0x800102 <modoEscolha>
 190:	90 91 03 01 	lds	r25, 0x0103	; 0x800103 <modoEscolha+0x1>
 194:	89 2b       	or	r24, r25
 196:	09 f0       	breq	.+2      	; 0x19a <main+0x58>
 198:	33 c1       	rjmp	.+614    	; 0x400 <__EEPROM_REGION_LENGTH__>
 19a:	2d 9a       	sbi	0x05, 5	; 5
 19c:	1f ef       	ldi	r17, 0xFF	; 255
 19e:	21 ee       	ldi	r18, 0xE1	; 225
 1a0:	44 e0       	ldi	r20, 0x04	; 4
 1a2:	11 50       	subi	r17, 0x01	; 1
 1a4:	20 40       	sbci	r18, 0x00	; 0
 1a6:	40 40       	sbci	r20, 0x00	; 0
 1a8:	e1 f7       	brne	.-8      	; 0x1a2 <main+0x60>
 1aa:	00 c0       	rjmp	.+0      	; 0x1ac <main+0x6a>
 1ac:	00 00       	nop
 1ae:	2d 98       	cbi	0x05, 5	; 5
 1b0:	8f ef       	ldi	r24, 0xFF	; 255
 1b2:	91 ee       	ldi	r25, 0xE1	; 225
 1b4:	d4 e0       	ldi	r29, 0x04	; 4
 1b6:	81 50       	subi	r24, 0x01	; 1
 1b8:	90 40       	sbci	r25, 0x00	; 0
 1ba:	d0 40       	sbci	r29, 0x00	; 0
 1bc:	e1 f7       	brne	.-8      	; 0x1b6 <main+0x74>
 1be:	00 c0       	rjmp	.+0      	; 0x1c0 <main+0x7e>
 1c0:	00 00       	nop
 1c2:	2c 9a       	sbi	0x05, 4	; 5
 1c4:	1f ef       	ldi	r17, 0xFF	; 255
 1c6:	21 ee       	ldi	r18, 0xE1	; 225
 1c8:	44 e0       	ldi	r20, 0x04	; 4
 1ca:	11 50       	subi	r17, 0x01	; 1
 1cc:	20 40       	sbci	r18, 0x00	; 0
 1ce:	40 40       	sbci	r20, 0x00	; 0
 1d0:	e1 f7       	brne	.-8      	; 0x1ca <main+0x88>
 1d2:	00 c0       	rjmp	.+0      	; 0x1d4 <main+0x92>
 1d4:	00 00       	nop
 1d6:	2c 98       	cbi	0x05, 4	; 5
 1d8:	8f ef       	ldi	r24, 0xFF	; 255
 1da:	91 ee       	ldi	r25, 0xE1	; 225
 1dc:	d4 e0       	ldi	r29, 0x04	; 4
 1de:	81 50       	subi	r24, 0x01	; 1
 1e0:	90 40       	sbci	r25, 0x00	; 0
 1e2:	d0 40       	sbci	r29, 0x00	; 0
 1e4:	e1 f7       	brne	.-8      	; 0x1de <main+0x9c>
 1e6:	00 c0       	rjmp	.+0      	; 0x1e8 <main+0xa6>
 1e8:	00 00       	nop
 1ea:	2b 9a       	sbi	0x05, 3	; 5
 1ec:	1f ef       	ldi	r17, 0xFF	; 255
 1ee:	21 ee       	ldi	r18, 0xE1	; 225
 1f0:	44 e0       	ldi	r20, 0x04	; 4
 1f2:	11 50       	subi	r17, 0x01	; 1
 1f4:	20 40       	sbci	r18, 0x00	; 0
 1f6:	40 40       	sbci	r20, 0x00	; 0
 1f8:	e1 f7       	brne	.-8      	; 0x1f2 <main+0xb0>
 1fa:	00 c0       	rjmp	.+0      	; 0x1fc <main+0xba>
 1fc:	00 00       	nop
 1fe:	2b 98       	cbi	0x05, 3	; 5
 200:	8f ef       	ldi	r24, 0xFF	; 255
 202:	91 ee       	ldi	r25, 0xE1	; 225
 204:	d4 e0       	ldi	r29, 0x04	; 4
 206:	81 50       	subi	r24, 0x01	; 1
 208:	90 40       	sbci	r25, 0x00	; 0
 20a:	d0 40       	sbci	r29, 0x00	; 0
 20c:	e1 f7       	brne	.-8      	; 0x206 <main+0xc4>
 20e:	00 c0       	rjmp	.+0      	; 0x210 <main+0xce>
 210:	00 00       	nop
 212:	2a 9a       	sbi	0x05, 2	; 5
 214:	1f ef       	ldi	r17, 0xFF	; 255
 216:	21 ee       	ldi	r18, 0xE1	; 225
 218:	44 e0       	ldi	r20, 0x04	; 4
 21a:	11 50       	subi	r17, 0x01	; 1
 21c:	20 40       	sbci	r18, 0x00	; 0
 21e:	40 40       	sbci	r20, 0x00	; 0
 220:	e1 f7       	brne	.-8      	; 0x21a <main+0xd8>
 222:	00 c0       	rjmp	.+0      	; 0x224 <main+0xe2>
 224:	00 00       	nop
 226:	2a 98       	cbi	0x05, 2	; 5
 228:	8f ef       	ldi	r24, 0xFF	; 255
 22a:	91 ee       	ldi	r25, 0xE1	; 225
 22c:	d4 e0       	ldi	r29, 0x04	; 4
 22e:	81 50       	subi	r24, 0x01	; 1
 230:	90 40       	sbci	r25, 0x00	; 0
 232:	d0 40       	sbci	r29, 0x00	; 0
 234:	e1 f7       	brne	.-8      	; 0x22e <main+0xec>
 236:	00 c0       	rjmp	.+0      	; 0x238 <main+0xf6>
 238:	00 00       	nop
 23a:	29 9a       	sbi	0x05, 1	; 5
 23c:	1f ef       	ldi	r17, 0xFF	; 255
 23e:	21 ee       	ldi	r18, 0xE1	; 225
 240:	44 e0       	ldi	r20, 0x04	; 4
 242:	11 50       	subi	r17, 0x01	; 1
 244:	20 40       	sbci	r18, 0x00	; 0
 246:	40 40       	sbci	r20, 0x00	; 0
 248:	e1 f7       	brne	.-8      	; 0x242 <main+0x100>
 24a:	00 c0       	rjmp	.+0      	; 0x24c <main+0x10a>
 24c:	00 00       	nop
 24e:	29 98       	cbi	0x05, 1	; 5
 250:	8f ef       	ldi	r24, 0xFF	; 255
 252:	91 ee       	ldi	r25, 0xE1	; 225
 254:	d4 e0       	ldi	r29, 0x04	; 4
 256:	81 50       	subi	r24, 0x01	; 1
 258:	90 40       	sbci	r25, 0x00	; 0
 25a:	d0 40       	sbci	r29, 0x00	; 0
 25c:	e1 f7       	brne	.-8      	; 0x256 <main+0x114>
 25e:	00 c0       	rjmp	.+0      	; 0x260 <main+0x11e>
 260:	00 00       	nop
 262:	8d cf       	rjmp	.-230    	; 0x17e <main+0x3c>
 264:	80 91 02 01 	lds	r24, 0x0102	; 0x800102 <modoEscolha>
 268:	90 91 03 01 	lds	r25, 0x0103	; 0x800103 <modoEscolha+0x1>
 26c:	89 2b       	or	r24, r25
 26e:	09 f0       	breq	.+2      	; 0x272 <main+0x130>
 270:	94 c1       	rjmp	.+808    	; 0x59a <__EEPROM_REGION_LENGTH__+0x19a>
 272:	29 9a       	sbi	0x05, 1	; 5
 274:	1f ef       	ldi	r17, 0xFF	; 255
 276:	21 ee       	ldi	r18, 0xE1	; 225
 278:	44 e0       	ldi	r20, 0x04	; 4
 27a:	11 50       	subi	r17, 0x01	; 1
 27c:	20 40       	sbci	r18, 0x00	; 0
 27e:	40 40       	sbci	r20, 0x00	; 0
 280:	e1 f7       	brne	.-8      	; 0x27a <main+0x138>
 282:	00 c0       	rjmp	.+0      	; 0x284 <main+0x142>
 284:	00 00       	nop
 286:	2a 9a       	sbi	0x05, 2	; 5
 288:	8f ef       	ldi	r24, 0xFF	; 255
 28a:	91 ee       	ldi	r25, 0xE1	; 225
 28c:	d4 e0       	ldi	r29, 0x04	; 4
 28e:	81 50       	subi	r24, 0x01	; 1
 290:	90 40       	sbci	r25, 0x00	; 0
 292:	d0 40       	sbci	r29, 0x00	; 0
 294:	e1 f7       	brne	.-8      	; 0x28e <main+0x14c>
 296:	00 c0       	rjmp	.+0      	; 0x298 <main+0x156>
 298:	00 00       	nop
 29a:	2b 9a       	sbi	0x05, 3	; 5
 29c:	1f ef       	ldi	r17, 0xFF	; 255
 29e:	21 ee       	ldi	r18, 0xE1	; 225
 2a0:	44 e0       	ldi	r20, 0x04	; 4
 2a2:	11 50       	subi	r17, 0x01	; 1
 2a4:	20 40       	sbci	r18, 0x00	; 0
 2a6:	40 40       	sbci	r20, 0x00	; 0
 2a8:	e1 f7       	brne	.-8      	; 0x2a2 <main+0x160>
 2aa:	00 c0       	rjmp	.+0      	; 0x2ac <main+0x16a>
 2ac:	00 00       	nop
 2ae:	2c 9a       	sbi	0x05, 4	; 5
 2b0:	8f ef       	ldi	r24, 0xFF	; 255
 2b2:	91 ee       	ldi	r25, 0xE1	; 225
 2b4:	d4 e0       	ldi	r29, 0x04	; 4
 2b6:	81 50       	subi	r24, 0x01	; 1
 2b8:	90 40       	sbci	r25, 0x00	; 0
 2ba:	d0 40       	sbci	r29, 0x00	; 0
 2bc:	e1 f7       	brne	.-8      	; 0x2b6 <main+0x174>
 2be:	00 c0       	rjmp	.+0      	; 0x2c0 <main+0x17e>
 2c0:	00 00       	nop
 2c2:	2d 9a       	sbi	0x05, 5	; 5
 2c4:	1f ef       	ldi	r17, 0xFF	; 255
 2c6:	21 ee       	ldi	r18, 0xE1	; 225
 2c8:	44 e0       	ldi	r20, 0x04	; 4
 2ca:	11 50       	subi	r17, 0x01	; 1
 2cc:	20 40       	sbci	r18, 0x00	; 0
 2ce:	40 40       	sbci	r20, 0x00	; 0
 2d0:	e1 f7       	brne	.-8      	; 0x2ca <main+0x188>
 2d2:	00 c0       	rjmp	.+0      	; 0x2d4 <main+0x192>
 2d4:	00 00       	nop
 2d6:	29 98       	cbi	0x05, 1	; 5
 2d8:	8f ef       	ldi	r24, 0xFF	; 255
 2da:	91 ee       	ldi	r25, 0xE1	; 225
 2dc:	d4 e0       	ldi	r29, 0x04	; 4
 2de:	81 50       	subi	r24, 0x01	; 1
 2e0:	90 40       	sbci	r25, 0x00	; 0
 2e2:	d0 40       	sbci	r29, 0x00	; 0
 2e4:	e1 f7       	brne	.-8      	; 0x2de <main+0x19c>
 2e6:	00 c0       	rjmp	.+0      	; 0x2e8 <main+0x1a6>
 2e8:	00 00       	nop
 2ea:	2a 98       	cbi	0x05, 2	; 5
 2ec:	1f ef       	ldi	r17, 0xFF	; 255
 2ee:	21 ee       	ldi	r18, 0xE1	; 225
 2f0:	44 e0       	ldi	r20, 0x04	; 4
 2f2:	11 50       	subi	r17, 0x01	; 1
 2f4:	20 40       	sbci	r18, 0x00	; 0
 2f6:	40 40       	sbci	r20, 0x00	; 0
 2f8:	e1 f7       	brne	.-8      	; 0x2f2 <main+0x1b0>
 2fa:	00 c0       	rjmp	.+0      	; 0x2fc <main+0x1ba>
 2fc:	00 00       	nop
 2fe:	2b 98       	cbi	0x05, 3	; 5
 300:	8f ef       	ldi	r24, 0xFF	; 255
 302:	91 ee       	ldi	r25, 0xE1	; 225
 304:	d4 e0       	ldi	r29, 0x04	; 4
 306:	81 50       	subi	r24, 0x01	; 1
 308:	90 40       	sbci	r25, 0x00	; 0
 30a:	d0 40       	sbci	r29, 0x00	; 0
 30c:	e1 f7       	brne	.-8      	; 0x306 <main+0x1c4>
 30e:	00 c0       	rjmp	.+0      	; 0x310 <main+0x1ce>
 310:	00 00       	nop
 312:	2c 98       	cbi	0x05, 4	; 5
 314:	1f ef       	ldi	r17, 0xFF	; 255
 316:	21 ee       	ldi	r18, 0xE1	; 225
 318:	44 e0       	ldi	r20, 0x04	; 4
 31a:	11 50       	subi	r17, 0x01	; 1
 31c:	20 40       	sbci	r18, 0x00	; 0
 31e:	40 40       	sbci	r20, 0x00	; 0
 320:	e1 f7       	brne	.-8      	; 0x31a <main+0x1d8>
 322:	00 c0       	rjmp	.+0      	; 0x324 <main+0x1e2>
 324:	00 00       	nop
 326:	2d 98       	cbi	0x05, 5	; 5
 328:	8f ef       	ldi	r24, 0xFF	; 255
 32a:	91 ee       	ldi	r25, 0xE1	; 225
 32c:	d4 e0       	ldi	r29, 0x04	; 4
 32e:	81 50       	subi	r24, 0x01	; 1
 330:	90 40       	sbci	r25, 0x00	; 0
 332:	d0 40       	sbci	r29, 0x00	; 0
 334:	e1 f7       	brne	.-8      	; 0x32e <main+0x1ec>
 336:	00 c0       	rjmp	.+0      	; 0x338 <main+0x1f6>
 338:	00 00       	nop
 33a:	80 91 00 01 	lds	r24, 0x0100	; 0x800100 <__DATA_REGION_ORIGIN__>
 33e:	90 91 01 01 	lds	r25, 0x0101	; 0x800101 <__DATA_REGION_ORIGIN__+0x1>
 342:	02 97       	sbiw	r24, 0x02	; 2
 344:	09 f4       	brne	.+2      	; 0x348 <main+0x206>
 346:	8e cf       	rjmp	.-228    	; 0x264 <main+0x122>
 348:	25 c0       	rjmp	.+74     	; 0x394 <main+0x252>
 34a:	80 91 02 01 	lds	r24, 0x0102	; 0x800102 <modoEscolha>
 34e:	90 91 03 01 	lds	r25, 0x0103	; 0x800103 <modoEscolha+0x1>
 352:	89 2b       	or	r24, r25
 354:	09 f0       	breq	.+2      	; 0x358 <main+0x216>
 356:	48 c1       	rjmp	.+656    	; 0x5e8 <__EEPROM_REGION_LENGTH__+0x1e8>
 358:	15 b8       	out	0x05, r1	; 5
 35a:	1f ef       	ldi	r17, 0xFF	; 255
 35c:	25 ea       	ldi	r18, 0xA5	; 165
 35e:	4e e0       	ldi	r20, 0x0E	; 14
 360:	11 50       	subi	r17, 0x01	; 1
 362:	20 40       	sbci	r18, 0x00	; 0
 364:	40 40       	sbci	r20, 0x00	; 0
 366:	e1 f7       	brne	.-8      	; 0x360 <main+0x21e>
 368:	00 c0       	rjmp	.+0      	; 0x36a <main+0x228>
 36a:	00 00       	nop
 36c:	55 b9       	out	0x05, r21	; 5
 36e:	8f ef       	ldi	r24, 0xFF	; 255
 370:	95 ea       	ldi	r25, 0xA5	; 165
 372:	de e0       	ldi	r29, 0x0E	; 14
 374:	81 50       	subi	r24, 0x01	; 1
 376:	90 40       	sbci	r25, 0x00	; 0
 378:	d0 40       	sbci	r29, 0x00	; 0
 37a:	e1 f7       	brne	.-8      	; 0x374 <main+0x232>
 37c:	00 c0       	rjmp	.+0      	; 0x37e <main+0x23c>
 37e:	00 00       	nop
 380:	15 b8       	out	0x05, r1	; 5
 382:	1f ef       	ldi	r17, 0xFF	; 255
 384:	25 ea       	ldi	r18, 0xA5	; 165
 386:	4e e0       	ldi	r20, 0x0E	; 14
 388:	11 50       	subi	r17, 0x01	; 1
 38a:	20 40       	sbci	r18, 0x00	; 0
 38c:	40 40       	sbci	r20, 0x00	; 0
 38e:	e1 f7       	brne	.-8      	; 0x388 <main+0x246>
 390:	00 c0       	rjmp	.+0      	; 0x392 <main+0x250>
 392:	00 00       	nop
 394:	80 91 00 01 	lds	r24, 0x0100	; 0x800100 <__DATA_REGION_ORIGIN__>
 398:	90 91 01 01 	lds	r25, 0x0101	; 0x800101 <__DATA_REGION_ORIGIN__+0x1>
 39c:	03 97       	sbiw	r24, 0x03	; 3
 39e:	a9 f2       	breq	.-86     	; 0x34a <main+0x208>
 3a0:	2f c0       	rjmp	.+94     	; 0x400 <__EEPROM_REGION_LENGTH__>
 3a2:	80 91 02 01 	lds	r24, 0x0102	; 0x800102 <modoEscolha>
 3a6:	90 91 03 01 	lds	r25, 0x0103	; 0x800103 <modoEscolha+0x1>
 3aa:	89 2b       	or	r24, r25
 3ac:	09 f0       	breq	.+2      	; 0x3b0 <main+0x26e>
 3ae:	1c c1       	rjmp	.+568    	; 0x5e8 <__EEPROM_REGION_LENGTH__+0x1e8>
 3b0:	8a e0       	ldi	r24, 0x0A	; 10
 3b2:	90 e0       	ldi	r25, 0x00	; 0
 3b4:	b5 b9       	out	0x05, r27	; 5
 3b6:	28 e0       	ldi	r18, 0x08	; 8
 3b8:	30 e0       	ldi	r19, 0x00	; 0
 3ba:	45 b1       	in	r20, 0x05	; 5
 3bc:	44 0f       	add	r20, r20
 3be:	45 b9       	out	0x05, r20	; 5
 3c0:	df ef       	ldi	r29, 0xFF	; 255
 3c2:	1a e6       	ldi	r17, 0x6A	; 106
 3c4:	43 e0       	ldi	r20, 0x03	; 3
 3c6:	d1 50       	subi	r29, 0x01	; 1
 3c8:	10 40       	sbci	r17, 0x00	; 0
 3ca:	40 40       	sbci	r20, 0x00	; 0
 3cc:	e1 f7       	brne	.-8      	; 0x3c6 <main+0x284>
 3ce:	00 c0       	rjmp	.+0      	; 0x3d0 <main+0x28e>
 3d0:	00 00       	nop
 3d2:	21 50       	subi	r18, 0x01	; 1
 3d4:	31 09       	sbc	r19, r1
 3d6:	89 f7       	brne	.-30     	; 0x3ba <main+0x278>
 3d8:	c5 b9       	out	0x05, r28	; 5
 3da:	2a e0       	ldi	r18, 0x0A	; 10
 3dc:	30 e0       	ldi	r19, 0x00	; 0
 3de:	45 b1       	in	r20, 0x05	; 5
 3e0:	46 95       	lsr	r20
 3e2:	45 b9       	out	0x05, r20	; 5
 3e4:	df ef       	ldi	r29, 0xFF	; 255
 3e6:	1a e6       	ldi	r17, 0x6A	; 106
 3e8:	43 e0       	ldi	r20, 0x03	; 3
 3ea:	d1 50       	subi	r29, 0x01	; 1
 3ec:	10 40       	sbci	r17, 0x00	; 0
 3ee:	40 40       	sbci	r20, 0x00	; 0
 3f0:	e1 f7       	brne	.-8      	; 0x3ea <main+0x2a8>
 3f2:	00 c0       	rjmp	.+0      	; 0x3f4 <main+0x2b2>
 3f4:	00 00       	nop
 3f6:	21 50       	subi	r18, 0x01	; 1
 3f8:	31 09       	sbc	r19, r1
 3fa:	89 f7       	brne	.-30     	; 0x3de <main+0x29c>
 3fc:	01 97       	sbiw	r24, 0x01	; 1
 3fe:	d1 f6       	brne	.-76     	; 0x3b4 <main+0x272>
 400:	80 91 00 01 	lds	r24, 0x0100	; 0x800100 <__DATA_REGION_ORIGIN__>
 404:	90 91 01 01 	lds	r25, 0x0101	; 0x800101 <__DATA_REGION_ORIGIN__+0x1>
 408:	04 97       	sbiw	r24, 0x04	; 4
 40a:	59 f2       	breq	.-106    	; 0x3a2 <main+0x260>
 40c:	c6 c0       	rjmp	.+396    	; 0x59a <__EEPROM_REGION_LENGTH__+0x19a>
 40e:	80 91 02 01 	lds	r24, 0x0102	; 0x800102 <modoEscolha>
 412:	90 91 03 01 	lds	r25, 0x0103	; 0x800103 <modoEscolha+0x1>
 416:	89 2b       	or	r24, r25
 418:	09 f0       	breq	.+2      	; 0x41c <__EEPROM_REGION_LENGTH__+0x1c>
 41a:	e6 c0       	rjmp	.+460    	; 0x5e8 <__EEPROM_REGION_LENGTH__+0x1e8>
 41c:	29 9a       	sbi	0x05, 1	; 5
 41e:	8f ef       	ldi	r24, 0xFF	; 255
 420:	92 e5       	ldi	r25, 0x52	; 82
 422:	d7 e0       	ldi	r29, 0x07	; 7
 424:	81 50       	subi	r24, 0x01	; 1
 426:	90 40       	sbci	r25, 0x00	; 0
 428:	d0 40       	sbci	r29, 0x00	; 0
 42a:	e1 f7       	brne	.-8      	; 0x424 <__EEPROM_REGION_LENGTH__+0x24>
 42c:	00 c0       	rjmp	.+0      	; 0x42e <__EEPROM_REGION_LENGTH__+0x2e>
 42e:	00 00       	nop
 430:	29 98       	cbi	0x05, 1	; 5
 432:	1f ef       	ldi	r17, 0xFF	; 255
 434:	22 e5       	ldi	r18, 0x52	; 82
 436:	47 e0       	ldi	r20, 0x07	; 7
 438:	11 50       	subi	r17, 0x01	; 1
 43a:	20 40       	sbci	r18, 0x00	; 0
 43c:	40 40       	sbci	r20, 0x00	; 0
 43e:	e1 f7       	brne	.-8      	; 0x438 <__EEPROM_REGION_LENGTH__+0x38>
 440:	00 c0       	rjmp	.+0      	; 0x442 <__EEPROM_REGION_LENGTH__+0x42>
 442:	00 00       	nop
 444:	29 9a       	sbi	0x05, 1	; 5
 446:	8f ef       	ldi	r24, 0xFF	; 255
 448:	92 e5       	ldi	r25, 0x52	; 82
 44a:	d7 e0       	ldi	r29, 0x07	; 7
 44c:	81 50       	subi	r24, 0x01	; 1
 44e:	90 40       	sbci	r25, 0x00	; 0
 450:	d0 40       	sbci	r29, 0x00	; 0
 452:	e1 f7       	brne	.-8      	; 0x44c <__EEPROM_REGION_LENGTH__+0x4c>
 454:	00 c0       	rjmp	.+0      	; 0x456 <__EEPROM_REGION_LENGTH__+0x56>
 456:	00 00       	nop
 458:	29 98       	cbi	0x05, 1	; 5
 45a:	1f ef       	ldi	r17, 0xFF	; 255
 45c:	22 e5       	ldi	r18, 0x52	; 82
 45e:	47 e0       	ldi	r20, 0x07	; 7
 460:	11 50       	subi	r17, 0x01	; 1
 462:	20 40       	sbci	r18, 0x00	; 0
 464:	40 40       	sbci	r20, 0x00	; 0
 466:	e1 f7       	brne	.-8      	; 0x460 <__EEPROM_REGION_LENGTH__+0x60>
 468:	00 c0       	rjmp	.+0      	; 0x46a <__EEPROM_REGION_LENGTH__+0x6a>
 46a:	00 00       	nop
 46c:	2a 9a       	sbi	0x05, 2	; 5
 46e:	8f ef       	ldi	r24, 0xFF	; 255
 470:	92 e5       	ldi	r25, 0x52	; 82
 472:	d7 e0       	ldi	r29, 0x07	; 7
 474:	81 50       	subi	r24, 0x01	; 1
 476:	90 40       	sbci	r25, 0x00	; 0
 478:	d0 40       	sbci	r29, 0x00	; 0
 47a:	e1 f7       	brne	.-8      	; 0x474 <__EEPROM_REGION_LENGTH__+0x74>
 47c:	00 c0       	rjmp	.+0      	; 0x47e <__EEPROM_REGION_LENGTH__+0x7e>
 47e:	00 00       	nop
 480:	2a 98       	cbi	0x05, 2	; 5
 482:	1f ef       	ldi	r17, 0xFF	; 255
 484:	22 e5       	ldi	r18, 0x52	; 82
 486:	47 e0       	ldi	r20, 0x07	; 7
 488:	11 50       	subi	r17, 0x01	; 1
 48a:	20 40       	sbci	r18, 0x00	; 0
 48c:	40 40       	sbci	r20, 0x00	; 0
 48e:	e1 f7       	brne	.-8      	; 0x488 <__EEPROM_REGION_LENGTH__+0x88>
 490:	00 c0       	rjmp	.+0      	; 0x492 <__EEPROM_REGION_LENGTH__+0x92>
 492:	00 00       	nop
 494:	2a 9a       	sbi	0x05, 2	; 5
 496:	8f ef       	ldi	r24, 0xFF	; 255
 498:	92 e5       	ldi	r25, 0x52	; 82
 49a:	d7 e0       	ldi	r29, 0x07	; 7
 49c:	81 50       	subi	r24, 0x01	; 1
 49e:	90 40       	sbci	r25, 0x00	; 0
 4a0:	d0 40       	sbci	r29, 0x00	; 0
 4a2:	e1 f7       	brne	.-8      	; 0x49c <__EEPROM_REGION_LENGTH__+0x9c>
 4a4:	00 c0       	rjmp	.+0      	; 0x4a6 <__EEPROM_REGION_LENGTH__+0xa6>
 4a6:	00 00       	nop
 4a8:	2a 98       	cbi	0x05, 2	; 5
 4aa:	1f ef       	ldi	r17, 0xFF	; 255
 4ac:	22 e5       	ldi	r18, 0x52	; 82
 4ae:	47 e0       	ldi	r20, 0x07	; 7
 4b0:	11 50       	subi	r17, 0x01	; 1
 4b2:	20 40       	sbci	r18, 0x00	; 0
 4b4:	40 40       	sbci	r20, 0x00	; 0
 4b6:	e1 f7       	brne	.-8      	; 0x4b0 <__EEPROM_REGION_LENGTH__+0xb0>
 4b8:	00 c0       	rjmp	.+0      	; 0x4ba <__EEPROM_REGION_LENGTH__+0xba>
 4ba:	00 00       	nop
 4bc:	2b 9a       	sbi	0x05, 3	; 5
 4be:	8f ef       	ldi	r24, 0xFF	; 255
 4c0:	92 e5       	ldi	r25, 0x52	; 82
 4c2:	d7 e0       	ldi	r29, 0x07	; 7
 4c4:	81 50       	subi	r24, 0x01	; 1
 4c6:	90 40       	sbci	r25, 0x00	; 0
 4c8:	d0 40       	sbci	r29, 0x00	; 0
 4ca:	e1 f7       	brne	.-8      	; 0x4c4 <__EEPROM_REGION_LENGTH__+0xc4>
 4cc:	00 c0       	rjmp	.+0      	; 0x4ce <__EEPROM_REGION_LENGTH__+0xce>
 4ce:	00 00       	nop
 4d0:	2b 98       	cbi	0x05, 3	; 5
 4d2:	1f ef       	ldi	r17, 0xFF	; 255
 4d4:	22 e5       	ldi	r18, 0x52	; 82
 4d6:	47 e0       	ldi	r20, 0x07	; 7
 4d8:	11 50       	subi	r17, 0x01	; 1
 4da:	20 40       	sbci	r18, 0x00	; 0
 4dc:	40 40       	sbci	r20, 0x00	; 0
 4de:	e1 f7       	brne	.-8      	; 0x4d8 <__EEPROM_REGION_LENGTH__+0xd8>
 4e0:	00 c0       	rjmp	.+0      	; 0x4e2 <__EEPROM_REGION_LENGTH__+0xe2>
 4e2:	00 00       	nop
 4e4:	2b 9a       	sbi	0x05, 3	; 5
 4e6:	8f ef       	ldi	r24, 0xFF	; 255
 4e8:	92 e5       	ldi	r25, 0x52	; 82
 4ea:	d7 e0       	ldi	r29, 0x07	; 7
 4ec:	81 50       	subi	r24, 0x01	; 1
 4ee:	90 40       	sbci	r25, 0x00	; 0
 4f0:	d0 40       	sbci	r29, 0x00	; 0
 4f2:	e1 f7       	brne	.-8      	; 0x4ec <__EEPROM_REGION_LENGTH__+0xec>
 4f4:	00 c0       	rjmp	.+0      	; 0x4f6 <__EEPROM_REGION_LENGTH__+0xf6>
 4f6:	00 00       	nop
 4f8:	2b 98       	cbi	0x05, 3	; 5
 4fa:	1f ef       	ldi	r17, 0xFF	; 255
 4fc:	22 e5       	ldi	r18, 0x52	; 82
 4fe:	47 e0       	ldi	r20, 0x07	; 7
 500:	11 50       	subi	r17, 0x01	; 1
 502:	20 40       	sbci	r18, 0x00	; 0
 504:	40 40       	sbci	r20, 0x00	; 0
 506:	e1 f7       	brne	.-8      	; 0x500 <__EEPROM_REGION_LENGTH__+0x100>
 508:	00 c0       	rjmp	.+0      	; 0x50a <__EEPROM_REGION_LENGTH__+0x10a>
 50a:	00 00       	nop
 50c:	2c 9a       	sbi	0x05, 4	; 5
 50e:	8f ef       	ldi	r24, 0xFF	; 255
 510:	92 e5       	ldi	r25, 0x52	; 82
 512:	d7 e0       	ldi	r29, 0x07	; 7
 514:	81 50       	subi	r24, 0x01	; 1
 516:	90 40       	sbci	r25, 0x00	; 0
 518:	d0 40       	sbci	r29, 0x00	; 0
 51a:	e1 f7       	brne	.-8      	; 0x514 <__EEPROM_REGION_LENGTH__+0x114>
 51c:	00 c0       	rjmp	.+0      	; 0x51e <__EEPROM_REGION_LENGTH__+0x11e>
 51e:	00 00       	nop
 520:	2c 98       	cbi	0x05, 4	; 5
 522:	1f ef       	ldi	r17, 0xFF	; 255
 524:	22 e5       	ldi	r18, 0x52	; 82
 526:	47 e0       	ldi	r20, 0x07	; 7
 528:	11 50       	subi	r17, 0x01	; 1
 52a:	20 40       	sbci	r18, 0x00	; 0
 52c:	40 40       	sbci	r20, 0x00	; 0
 52e:	e1 f7       	brne	.-8      	; 0x528 <__EEPROM_REGION_LENGTH__+0x128>
 530:	00 c0       	rjmp	.+0      	; 0x532 <__EEPROM_REGION_LENGTH__+0x132>
 532:	00 00       	nop
 534:	2c 9a       	sbi	0x05, 4	; 5
 536:	8f ef       	ldi	r24, 0xFF	; 255
 538:	92 e5       	ldi	r25, 0x52	; 82
 53a:	d7 e0       	ldi	r29, 0x07	; 7
 53c:	81 50       	subi	r24, 0x01	; 1
 53e:	90 40       	sbci	r25, 0x00	; 0
 540:	d0 40       	sbci	r29, 0x00	; 0
 542:	e1 f7       	brne	.-8      	; 0x53c <__EEPROM_REGION_LENGTH__+0x13c>
 544:	00 c0       	rjmp	.+0      	; 0x546 <__EEPROM_REGION_LENGTH__+0x146>
 546:	00 00       	nop
 548:	2c 98       	cbi	0x05, 4	; 5
 54a:	1f ef       	ldi	r17, 0xFF	; 255
 54c:	22 e5       	ldi	r18, 0x52	; 82
 54e:	47 e0       	ldi	r20, 0x07	; 7
 550:	11 50       	subi	r17, 0x01	; 1
 552:	20 40       	sbci	r18, 0x00	; 0
 554:	40 40       	sbci	r20, 0x00	; 0
 556:	e1 f7       	brne	.-8      	; 0x550 <__EEPROM_REGION_LENGTH__+0x150>
 558:	00 c0       	rjmp	.+0      	; 0x55a <__EEPROM_REGION_LENGTH__+0x15a>
 55a:	00 00       	nop
 55c:	2d 9a       	sbi	0x05, 5	; 5
 55e:	8f ef       	ldi	r24, 0xFF	; 255
 560:	92 e5       	ldi	r25, 0x52	; 82
 562:	d7 e0       	ldi	r29, 0x07	; 7
 564:	81 50       	subi	r24, 0x01	; 1
 566:	90 40       	sbci	r25, 0x00	; 0
 568:	d0 40       	sbci	r29, 0x00	; 0
 56a:	e1 f7       	brne	.-8      	; 0x564 <__EEPROM_REGION_LENGTH__+0x164>
 56c:	00 c0       	rjmp	.+0      	; 0x56e <__EEPROM_REGION_LENGTH__+0x16e>
 56e:	00 00       	nop
 570:	2d 98       	cbi	0x05, 5	; 5
 572:	1f ef       	ldi	r17, 0xFF	; 255
 574:	22 e5       	ldi	r18, 0x52	; 82
 576:	47 e0       	ldi	r20, 0x07	; 7
 578:	11 50       	subi	r17, 0x01	; 1
 57a:	20 40       	sbci	r18, 0x00	; 0
 57c:	40 40       	sbci	r20, 0x00	; 0
 57e:	e1 f7       	brne	.-8      	; 0x578 <__EEPROM_REGION_LENGTH__+0x178>
 580:	00 c0       	rjmp	.+0      	; 0x582 <__EEPROM_REGION_LENGTH__+0x182>
 582:	00 00       	nop
 584:	2d 9a       	sbi	0x05, 5	; 5
 586:	8f ef       	ldi	r24, 0xFF	; 255
 588:	92 e5       	ldi	r25, 0x52	; 82
 58a:	d7 e0       	ldi	r29, 0x07	; 7
 58c:	81 50       	subi	r24, 0x01	; 1
 58e:	90 40       	sbci	r25, 0x00	; 0
 590:	d0 40       	sbci	r29, 0x00	; 0
 592:	e1 f7       	brne	.-8      	; 0x58c <__EEPROM_REGION_LENGTH__+0x18c>
 594:	00 c0       	rjmp	.+0      	; 0x596 <__EEPROM_REGION_LENGTH__+0x196>
 596:	00 00       	nop
 598:	2d 98       	cbi	0x05, 5	; 5
 59a:	80 91 00 01 	lds	r24, 0x0100	; 0x800100 <__DATA_REGION_ORIGIN__>
 59e:	90 91 01 01 	lds	r25, 0x0101	; 0x800101 <__DATA_REGION_ORIGIN__+0x1>
 5a2:	05 97       	sbiw	r24, 0x05	; 5
 5a4:	09 f4       	brne	.+2      	; 0x5a8 <__EEPROM_REGION_LENGTH__+0x1a8>
 5a6:	33 cf       	rjmp	.-410    	; 0x40e <__EEPROM_REGION_LENGTH__+0xe>
 5a8:	1f c0       	rjmp	.+62     	; 0x5e8 <__EEPROM_REGION_LENGTH__+0x1e8>
 5aa:	80 91 00 01 	lds	r24, 0x0100	; 0x800100 <__DATA_REGION_ORIGIN__>
 5ae:	90 91 01 01 	lds	r25, 0x0101	; 0x800101 <__DATA_REGION_ORIGIN__+0x1>
 5b2:	01 97       	sbiw	r24, 0x01	; 1
 5b4:	09 f4       	brne	.+2      	; 0x5b8 <__EEPROM_REGION_LENGTH__+0x1b8>
 5b6:	65 b9       	out	0x05, r22	; 5
 5b8:	80 91 00 01 	lds	r24, 0x0100	; 0x800100 <__DATA_REGION_ORIGIN__>
 5bc:	90 91 01 01 	lds	r25, 0x0101	; 0x800101 <__DATA_REGION_ORIGIN__+0x1>
 5c0:	02 97       	sbiw	r24, 0x02	; 2
 5c2:	c9 f0       	breq	.+50     	; 0x5f6 <__EEPROM_REGION_LENGTH__+0x1f6>
 5c4:	80 91 00 01 	lds	r24, 0x0100	; 0x800100 <__DATA_REGION_ORIGIN__>
 5c8:	90 91 01 01 	lds	r25, 0x0101	; 0x800101 <__DATA_REGION_ORIGIN__+0x1>
 5cc:	03 97       	sbiw	r24, 0x03	; 3
 5ce:	d9 f0       	breq	.+54     	; 0x606 <__EEPROM_REGION_LENGTH__+0x206>
 5d0:	80 91 00 01 	lds	r24, 0x0100	; 0x800100 <__DATA_REGION_ORIGIN__>
 5d4:	90 91 01 01 	lds	r25, 0x0101	; 0x800101 <__DATA_REGION_ORIGIN__+0x1>
 5d8:	04 97       	sbiw	r24, 0x04	; 4
 5da:	e9 f0       	breq	.+58     	; 0x616 <__EEPROM_REGION_LENGTH__+0x216>
 5dc:	80 91 00 01 	lds	r24, 0x0100	; 0x800100 <__DATA_REGION_ORIGIN__>
 5e0:	90 91 01 01 	lds	r25, 0x0101	; 0x800101 <__DATA_REGION_ORIGIN__+0x1>
 5e4:	05 97       	sbiw	r24, 0x05	; 5
 5e6:	f9 f0       	breq	.+62     	; 0x626 <__EEPROM_REGION_LENGTH__+0x226>
 5e8:	80 91 02 01 	lds	r24, 0x0102	; 0x800102 <modoEscolha>
 5ec:	90 91 03 01 	lds	r25, 0x0103	; 0x800103 <modoEscolha+0x1>
 5f0:	01 97       	sbiw	r24, 0x01	; 1
 5f2:	d9 f2       	breq	.-74     	; 0x5aa <__EEPROM_REGION_LENGTH__+0x1aa>
 5f4:	c4 cd       	rjmp	.-1144   	; 0x17e <main+0x3c>
 5f6:	80 91 02 01 	lds	r24, 0x0102	; 0x800102 <modoEscolha>
 5fa:	90 91 03 01 	lds	r25, 0x0103	; 0x800103 <modoEscolha+0x1>
 5fe:	01 97       	sbiw	r24, 0x01	; 1
 600:	09 f7       	brne	.-62     	; 0x5c4 <__EEPROM_REGION_LENGTH__+0x1c4>
 602:	75 b9       	out	0x05, r23	; 5
 604:	df cf       	rjmp	.-66     	; 0x5c4 <__EEPROM_REGION_LENGTH__+0x1c4>
 606:	80 91 02 01 	lds	r24, 0x0102	; 0x800102 <modoEscolha>
 60a:	90 91 03 01 	lds	r25, 0x0103	; 0x800103 <modoEscolha+0x1>
 60e:	01 97       	sbiw	r24, 0x01	; 1
 610:	f9 f6       	brne	.-66     	; 0x5d0 <__EEPROM_REGION_LENGTH__+0x1d0>
 612:	e5 b9       	out	0x05, r30	; 5
 614:	dd cf       	rjmp	.-70     	; 0x5d0 <__EEPROM_REGION_LENGTH__+0x1d0>
 616:	80 91 02 01 	lds	r24, 0x0102	; 0x800102 <modoEscolha>
 61a:	90 91 03 01 	lds	r25, 0x0103	; 0x800103 <modoEscolha+0x1>
 61e:	01 97       	sbiw	r24, 0x01	; 1
 620:	e9 f6       	brne	.-70     	; 0x5dc <__EEPROM_REGION_LENGTH__+0x1dc>
 622:	f5 b9       	out	0x05, r31	; 5
 624:	db cf       	rjmp	.-74     	; 0x5dc <__EEPROM_REGION_LENGTH__+0x1dc>
 626:	80 91 02 01 	lds	r24, 0x0102	; 0x800102 <modoEscolha>
 62a:	90 91 03 01 	lds	r25, 0x0103	; 0x800103 <modoEscolha+0x1>
 62e:	01 97       	sbiw	r24, 0x01	; 1
 630:	d9 f6       	brne	.-74     	; 0x5e8 <__EEPROM_REGION_LENGTH__+0x1e8>
 632:	a5 b9       	out	0x05, r26	; 5
 634:	d9 cf       	rjmp	.-78     	; 0x5e8 <__EEPROM_REGION_LENGTH__+0x1e8>

00000636 <_exit>:
 636:	f8 94       	cli

00000638 <__stop_program>:
 638:	ff cf       	rjmp	.-2      	; 0x638 <__stop_program>
